[04Dec2025 18:15:21.559] [main/INFO] [cpw.mods.modlauncher.Launcher/MODLAUNCHER]: ModLauncher running: args [--launchTarget, forgeserver, --fml.neoForgeVersion, 21.1.216, --fml.fmlVersion, 4.0.42, --fml.mcVersion, 1.21.1, --fml.neoFormVersion, 20240808.144430]
[04Dec2025 18:15:21.564] [main/INFO] [cpw.mods.modlauncher.Launcher/MODLAUNCHER]: JVM identified as Oracle Corporation Java HotSpot(TM) 64-Bit Server VM 21.0.7+8-LTS-245
[04Dec2025 18:15:21.565] [main/INFO] [cpw.mods.modlauncher.Launcher/MODLAUNCHER]: ModLauncher 11.0.5+main.901c6ea8 starting: java version 21.0.7 by Oracle Corporation; OS Windows 11 arch amd64 version 10.0
[04Dec2025 18:15:21.741] [main/INFO] [net.neoforged.fml.loading.ImmediateWindowHandler/]: ImmediateWindowProvider not loading because launch target is forgeserver
[04Dec2025 18:15:21.825] [main/INFO] [mixin/]: SpongePowered MIXIN Subsystem Version=0.8.7 Source=union:/C:/AMPDatastore/Instances/Moretests01/Minecraft/libraries/net/fabricmc/sponge-mixin/0.15.2+mixin.0.8.7/sponge-mixin-0.15.2+mixin.0.8.7.jar%2373!/ Service=ModLauncher Env=SERVER
[04Dec2025 18:15:22.126] [main/INFO] [net.neoforged.fml.loading.moddiscovery.ModDiscoverer/SCAN]: Found mod file "server-1.21.1-20240808.144430-srg.jar" [locator: production server provider +net.neoforged:neoforge:21.1.216:server]
[04Dec2025 18:15:22.149] [main/INFO] [net.neoforged.fml.loading.moddiscovery.ModDiscoverer/SCAN]: Found mod file "neoforge-21.1.216-universal.jar" [locator: PathBasedLocator[name=neoforge, paths=[libraries\net\neoforged\neoforge\21.1.216\neoforge-21.1.216-universal.jar]], reader: mod manifest]
[04Dec2025 18:15:22.163] [main/INFO] [net.neoforged.fml.loading.moddiscovery.ModDiscoverer/SCAN]: Found mod file "voidium-2.1.0.jar" [locator: {mods folder locator at C:\AMPDatastore\Instances\Moretests01\Minecraft\mods}, reader: mod manifest]
[04Dec2025 18:15:22.440] [main/INFO] [net.neoforged.fml.loading.moddiscovery.locators.JarInJarDependencyLocator/]: Found 9 dependencies adding them to mods collection
[04Dec2025 18:15:22.441] [main/INFO] [net.neoforged.fml.loading.moddiscovery.ModDiscoverer/SCAN]: Found gamelibrary file "mixinextras-neoforge-0.5.0.jar" [parent: neoforge-21.1.216-universal.jar, locator: jarinjar, reader: mod manifest]
[04Dec2025 18:15:22.441] [main/INFO] [net.neoforged.fml.loading.moddiscovery.ModDiscoverer/SCAN]: Found library file "JDA-5.0.0-beta.24.jar" [parent: voidium-2.1.0.jar, locator: jarinjar]
[04Dec2025 18:15:22.441] [main/INFO] [net.neoforged.fml.loading.moddiscovery.ModDiscoverer/SCAN]: Found library file "trove4j-3.0.3.jar" [parent: voidium-2.1.0.jar, locator: jarinjar]
[04Dec2025 18:15:22.441] [main/INFO] [net.neoforged.fml.loading.moddiscovery.ModDiscoverer/SCAN]: Found library file "kotlin-stdlib-1.8.21.jar" [parent: voidium-2.1.0.jar, locator: jarinjar]
[04Dec2025 18:15:22.441] [main/INFO] [net.neoforged.fml.loading.moddiscovery.ModDiscoverer/SCAN]: Found library file "commons-collections4-4.4.jar" [parent: voidium-2.1.0.jar, locator: jarinjar]
[04Dec2025 18:15:22.441] [main/INFO] [net.neoforged.fml.loading.moddiscovery.ModDiscoverer/SCAN]: Found library file "okio-jvm-3.2.0.jar" [parent: voidium-2.1.0.jar, locator: jarinjar]
[04Dec2025 18:15:22.441] [main/INFO] [net.neoforged.fml.loading.moddiscovery.ModDiscoverer/SCAN]: Found library file "net.neoforged.neoforge-coremods-21.1.216.jar" [parent: neoforge-21.1.216-universal.jar, locator: jarinjar, reader: mod manifest]
[04Dec2025 18:15:22.441] [main/INFO] [net.neoforged.fml.loading.moddiscovery.ModDiscoverer/SCAN]: Found library file "nv-websocket-client-2.14.jar" [parent: voidium-2.1.0.jar, locator: jarinjar]
[04Dec2025 18:15:22.442] [main/INFO] [net.neoforged.fml.loading.moddiscovery.ModDiscoverer/SCAN]: Found library file "okhttp-4.10.0.jar" [parent: voidium-2.1.0.jar, locator: jarinjar]
[04Dec2025 18:15:22.443] [main/INFO] [net.neoforged.fml.loading.moddiscovery.ModDiscoverer/]: 
     Mod List:
		Name Version (Mod Id)

		Minecraft 1.21.1 (minecraft)
		NeoForge 21.1.216 (neoforge)
		VOIDIUM 2.1.0 (voidium)
[04Dec2025 18:15:23.016] [main/INFO] [mixin/]: Compatibility level set to JAVA_21
[04Dec2025 18:15:23.024] [main/INFO] [cpw.mods.modlauncher.LaunchServiceHandler/MODLAUNCHER]: Launching target 'forgeserver' with arguments []
[04Dec2025 18:15:24.467] [main/INFO] [MixinExtras|Service/]: Initializing MixinExtras via com.llamalad7.mixinextras.service.MixinExtrasServiceImpl(version=0.5.0).
[04Dec2025 18:15:29.054] [modloading-worker-0/INFO] [voidium/]: VOIDIUM - INTELLIGENT SERVER CONTROL is loading...
[04Dec2025 18:15:29.057] [modloading-worker-0/INFO] [Voidium-Storage/]: Storage directory initialized: C:\AMPDatastore\Instances\Moretests01\Minecraft\config\voidium\storage
[04Dec2025 18:15:29.076] [modloading-worker-0/INFO] [net.neoforged.neoforge.common.NeoForgeMod/NEOFORGE-MOD]: NeoForge mod loading, version 21.1.216, for MC 1.21.1
[04Dec2025 18:15:29.117] [modloading-worker-0/INFO] [voidium/]: Voidium configuration loaded successfully!
[04Dec2025 18:15:29.120] [modloading-worker-0/INFO] [voidium/]: SkinCache TTL set to 24 hours
[04Dec2025 18:15:29.478] [main/INFO] [com.mojang.authlib.yggdrasil.YggdrasilAuthenticationService/]: Environment: Environment[sessionHost=https://sessionserver.mojang.com, servicesHost=https://api.minecraftservices.com, name=PROD]
[04Dec2025 18:15:29.587] [main/WARN] [net.minecraft.server.packs.VanillaPackResourcesBuilder/]: Assets URL 'union:/C:/AMPDatastore/Instances/Moretests01/Minecraft/libraries/net/minecraft/server/1.21.1-20240808.144430/server-1.21.1-20240808.144430-srg.jar%23118!/assets/.mcassetsroot' uses unexpected schema
[04Dec2025 18:15:29.588] [main/WARN] [net.minecraft.server.packs.VanillaPackResourcesBuilder/]: Assets URL 'union:/C:/AMPDatastore/Instances/Moretests01/Minecraft/libraries/net/minecraft/server/1.21.1-20240808.144430/server-1.21.1-20240808.144430-srg.jar%23118!/data/.mcassetsroot' uses unexpected schema
[04Dec2025 18:15:30.773] [main/INFO] [net.minecraft.world.item.crafting.RecipeManager/]: Loaded 1290 recipes
[04Dec2025 18:15:30.933] [main/INFO] [net.minecraft.advancements.AdvancementTree/]: Loaded 1399 advancements
[04Dec2025 18:15:31.645] [Server thread/INFO] [net.minecraft.server.dedicated.DedicatedServer/]: Starting minecraft server version 1.21.1
[04Dec2025 18:15:31.646] [Server thread/INFO] [net.minecraft.server.dedicated.DedicatedServer/]: Loading properties
[04Dec2025 18:15:31.646] [Server thread/INFO] [net.minecraft.server.dedicated.DedicatedServer/]: Default game type: SURVIVAL
[04Dec2025 18:15:31.646] [Server thread/INFO] [net.minecraft.server.MinecraftServer/]: Generating keypair
[04Dec2025 18:15:31.709] [Server thread/INFO] [net.minecraft.server.dedicated.DedicatedServer/]: Starting Minecraft server on 0.0.0.0:25566
[04Dec2025 18:15:31.800] [Server thread/INFO] [net.minecraft.server.network.ServerConnectionListener/]: Using default channel type
[04Dec2025 18:15:31.885] [Server thread/INFO] [net.minecraft.server.dedicated.DedicatedServer/]: Preparing level "world"
[04Dec2025 18:15:32.542] [Server thread/INFO] [net.minecraft.server.MinecraftServer/]: Preparing start region for dimension minecraft:overworld
[04Dec2025 18:15:32.780] [Worker-Main-14/INFO] [net.minecraft.server.level.progress.LoggerChunkProgressListener/]: Preparing spawn area: 0%
[04Dec2025 18:15:32.929] [Server thread/INFO] [net.minecraft.server.level.progress.LoggerChunkProgressListener/]: Time elapsed: 387 ms
[04Dec2025 18:15:32.929] [Server thread/INFO] [net.minecraft.server.dedicated.DedicatedServer/]: Done (1.076s)! For help, type "help"
[04Dec2025 18:15:32.974] [Server thread/INFO] [net.neoforged.neoforge.server.permission.PermissionAPI/]: Successfully initialized permission handler neoforge:default_handler
[04Dec2025 18:15:33.419] [JDA RateLimit-Elastic-Worker 1/ERROR] [net.dv8tion.jda.api.requests.RestRateLimiter/]: Encountered exception trying to execute request
java.lang.NoClassDefFoundError: com/fasterxml/jackson/databind/Module
	at LAYER PLUGIN/net.dv8tion.jda@5.0.0-beta.24/net.dv8tion.jda.api.requests.Response.<clinit>(Response.java:41) ~[JDA-5.0.0-beta.24.jar%23130!/:5.0.0-beta.24]
	at LAYER PLUGIN/net.dv8tion.jda@5.0.0-beta.24/net.dv8tion.jda.internal.requests.Requester$WorkTask.handleResponse(Requester.java:423) ~[JDA-5.0.0-beta.24.jar%23130!/:5.0.0-beta.24]
	at LAYER PLUGIN/net.dv8tion.jda@5.0.0-beta.24/net.dv8tion.jda.internal.requests.Requester$WorkTask.access$300(Requester.java:359) ~[JDA-5.0.0-beta.24.jar%23130!/:5.0.0-beta.24]
	at LAYER PLUGIN/net.dv8tion.jda@5.0.0-beta.24/net.dv8tion.jda.internal.requests.Requester.execute(Requester.java:233) ~[JDA-5.0.0-beta.24.jar%23130!/:5.0.0-beta.24]
	at LAYER PLUGIN/net.dv8tion.jda@5.0.0-beta.24/net.dv8tion.jda.internal.requests.Requester.execute(Requester.java:145) ~[JDA-5.0.0-beta.24.jar%23130!/:5.0.0-beta.24]
	at LAYER PLUGIN/net.dv8tion.jda@5.0.0-beta.24/net.dv8tion.jda.internal.requests.Requester.execute(Requester.java:128) ~[JDA-5.0.0-beta.24.jar%23130!/:5.0.0-beta.24]
	at LAYER PLUGIN/net.dv8tion.jda@5.0.0-beta.24/net.dv8tion.jda.internal.requests.Requester$WorkTask.execute(Requester.java:387) ~[JDA-5.0.0-beta.24.jar%23130!/:5.0.0-beta.24]
	at LAYER PLUGIN/net.dv8tion.jda@5.0.0-beta.24/net.dv8tion.jda.api.requests.SequentialRestRateLimiter$Bucket.execute(SequentialRestRateLimiter.java:477) ~[JDA-5.0.0-beta.24.jar%23130!/:5.0.0-beta.24]
	at LAYER PLUGIN/net.dv8tion.jda@5.0.0-beta.24/net.dv8tion.jda.api.requests.SequentialRestRateLimiter$Bucket.run(SequentialRestRateLimiter.java:517) ~[JDA-5.0.0-beta.24.jar%23130!/:5.0.0-beta.24]
	at java.base/java.util.concurrent.ThreadPoolExecutor.runWorker(ThreadPoolExecutor.java:1144) ~[?:?]
	at java.base/java.util.concurrent.ThreadPoolExecutor$Worker.run(ThreadPoolExecutor.java:642) ~[?:?]
	at java.base/java.lang.Thread.run(Thread.java:1583) [?:?]
Caused by: java.lang.ClassNotFoundException: com.fasterxml.jackson.databind.Module
	at java.base/jdk.internal.loader.BuiltinClassLoader.loadClass(BuiltinClassLoader.java:641) ~[?:?]
	at java.base/java.lang.ClassLoader.loadClass(ClassLoader.java:526) ~[?:?]
	at cpw.mods.securejarhandler/cpw.mods.cl.ModuleClassLoader.loadClass(ModuleClassLoader.java:216) ~[securejarhandler-3.0.8.jar:?]
	at java.base/java.lang.ClassLoader.loadClass(ClassLoader.java:526) ~[?:?]
	at cpw.mods.securejarhandler/cpw.mods.cl.ModuleClassLoader.loadClass(ModuleClassLoader.java:216) ~[securejarhandler-3.0.8.jar:?]
	at java.base/java.lang.ClassLoader.loadClass(ClassLoader.java:526) ~[?:?]
	at cpw.mods.securejarhandler/cpw.mods.cl.ModuleClassLoader.loadClass(ModuleClassLoader.java:216) ~[securejarhandler-3.0.8.jar:?]
	at java.base/java.lang.ClassLoader.loadClass(ClassLoader.java:526) ~[?:?]
	... 12 more
